<?xml version="1.0" encoding="UTF-8"?>
<!-- Generated by org.testng.reporters.JUnitReportReporter -->
<testsuite hostname="Rajesh-Marni" failures="0" tests="6" name="Runner.TestRunner" time="19.186" errors="0" timestamp="2024-08-04T21:09:00 GMT-04:00" skipped="0">
  <testcase classname="Runner.TestRunner" name="runScenario" time="2.724"/>
  <testcase classname="Runner.TestRunner" name="runScenario" time="2.033"/>
  <testcase classname="Runner.TestRunner" name="runScenario" time="4.681"/>
  <testcase classname="Runner.TestRunner" name="runScenario" time="2.690"/>
  <testcase classname="Runner.TestRunner" name="runScenario" time="4.403"/>
  <testcase classname="Runner.TestRunner" name="runScenario" time="2.655"/>
</testsuite> <!-- Runner.TestRunner -->
