<?xml version="1.0" encoding="UTF-8"?>
<!-- Generated by org.testng.reporters.JUnitReportReporter -->
<testsuite hostname="Chaya" failures="0" tests="2" name="com.practice.Testng.test1" time="27.807" errors="0" timestamp="2024-07-18T12:51:32 EDT" skipped="0">
  <testcase classname="com.practice.Testng.test1" name="testFacebook" time="18.456"/>
  <testcase classname="com.practice.Testng.test1" name="testGoogle" time="9.351"/>
</testsuite> <!-- com.practice.Testng.test1 -->
