<?xml version="1.0" encoding="UTF-8"?>
<!-- Generated by org.testng.reporters.JUnitReportReporter -->
<testsuite hostname="Chaya" failures="0" tests="9" name="com.practice.Testng.orangeHrm" time="42.464" errors="0" timestamp="2024-07-18T17:03:27 EDT" skipped="0">
  <testcase classname="com.practice.Testng.orangeHrm" name="verifyMyInfo" time="3.104"/>
  <testcase classname="com.practice.Testng.orangeHrm" name="verifyLogin" time="2.047"/>
  <testcase classname="com.practice.Testng.orangeHrm" name="navigateToMyInfo" time="3.964"/>
  <testcase classname="com.practice.Testng.orangeHrm" name="logout" time="8.417"/>
  <testcase classname="com.practice.Testng.orangeHrm" name="launchApp" time="4.413"/>
  <testcase classname="com.practice.Testng.orangeHrm" name="logout" time="8.364"/>
  <testcase classname="com.practice.Testng.orangeHrm" name="launchApp" time="2.760"/>
  <testcase classname="com.practice.Testng.orangeHrm" name="login" time="4.543"/>
  <testcase classname="com.practice.Testng.orangeHrm" name="login" time="4.852"/>
</testsuite> <!-- com.practice.Testng.orangeHrm -->
