<?xml version="1.0" encoding="UTF-8"?>
<!-- Generated by org.testng.reporters.JUnitReportReporter -->
<testsuite hostname="Rajesh-Marni" failures="0" tests="6" name="Runner.TestRunner" time="21.535" errors="0" timestamp="2024-08-04T20:38:18 GMT-04:00" skipped="0">
  <testcase classname="Runner.TestRunner" name="runScenario" time="2.837"/>
  <testcase classname="Runner.TestRunner" name="runScenario" time="6.152"/>
  <testcase classname="Runner.TestRunner" name="runScenario" time="2.679"/>
  <testcase classname="Runner.TestRunner" name="runScenario" time="2.896"/>
  <testcase classname="Runner.TestRunner" name="runScenario" time="2.124"/>
  <testcase classname="Runner.TestRunner" name="runScenario" time="4.847"/>
</testsuite> <!-- Runner.TestRunner -->
